5.6575 	DEBUG 	Fullscreen settings ignored as running in pilot mode.
5.6592 	INFO 	Loaded monitor calibration from ['2025_06_05 01:23']
6.0000 	EXP 	Created window1 = Window(allowGUI=True, allowStencil=False, autoLog=True, backendConf=UNKNOWN, backgroundFit=<method-wrapper '__getattribute__' of attributeSetter object at 0x0000021BD2D03850>, backgroundImage=<method-wrapper '__getattribute__' of attributeSetter object at 0x0000021BD2D037F0>, bitsMode=UNKNOWN, blendMode='avg', bpc=(8, 8, 8), color=array([0, 0, 0]), colorSpace='rgb', depthBits=8, fullscr=False, gamma=None, gammaErrorPolicy='raise', infoMsg=UNKNOWN, lms=UNKNOWN, monitor=<psychopy.monitors.calibTools.Monitor object at 0x0000021BD2DD0D90>, multiSample=False, name='window1', numSamples=2, pos=[560.0, 240.0], screen=0, size=array([800, 600]), stencilBits=0, stereo=False, title='PsychoPy', units='height', useFBO=True, useRetina=False, viewOri=0.0, viewPos=None, viewScale=None, waitBlanking=True, winType='pyglet')
6.0001 	EXP 	window1: backgroundImage = ''
6.0001 	EXP 	window1: backgroundFit = 'none'
6.0174 	DEBUG 	TextBox2 loaded 1 chars with 0 blanks and 1 valid
6.0184 	DEBUG 	TextBox2 loaded 1 chars with 0 blanks and 1 valid
6.0199 	DEBUG 	TextBox2 loaded 1 chars with 0 blanks and 1 valid
6.0212 	DEBUG 	TextBox2 loaded 1 chars with 0 blanks and 1 valid
6.0221 	DEBUG 	TextBox2 loaded 1 chars with 0 blanks and 1 valid
6.0227 	DEBUG 	TextBox2 loaded 1 chars with 0 blanks and 1 valid
6.0234 	DEBUG 	TextBox2 loaded 1 chars with 0 blanks and 1 valid
6.0243 	DEBUG 	TextBox2 loaded 1 chars with 0 blanks and 1 valid
6.0249 	DEBUG 	TextBox2 loaded 1 chars with 0 blanks and 1 valid
6.0252 	DEBUG 	TextBox2 loaded 1 chars with 0 blanks and 1 valid
6.0259 	DEBUG 	TextBox2 loaded 1 chars with 0 blanks and 1 valid
6.0265 	DEBUG 	TextBox2 loaded 1 chars with 0 blanks and 1 valid
6.0270 	DEBUG 	TextBox2 loaded 1 chars with 0 blanks and 1 valid
6.0276 	DEBUG 	TextBox2 loaded 1 chars with 0 blanks and 1 valid
6.0282 	DEBUG 	TextBox2 loaded 1 chars with 0 blanks and 1 valid
6.0293 	DEBUG 	TextBox2 loaded 1 chars with 0 blanks and 1 valid
6.0301 	DEBUG 	TextBox2 loaded 1 chars with 0 blanks and 1 valid
6.0306 	DEBUG 	TextBox2 loaded 1 chars with 0 blanks and 1 valid
6.0310 	DEBUG 	TextBox2 loaded 1 chars with 0 blanks and 1 valid
6.0319 	DEBUG 	TextBox2 loaded 1 chars with 0 blanks and 1 valid
6.0328 	DEBUG 	TextBox2 loaded 1 chars with 0 blanks and 1 valid
6.0337 	DEBUG 	Uploading Texture Font fontname to graphics card
6.0616 	DEBUG 	Upload of Texture Font fontname complete
6.0688 	DEBUG 	TextBox2 loaded 1 chars with 0 blanks and 1 valid
6.0700 	DEBUG 	TextBox2 loaded 1 chars with 0 blanks and 1 valid
6.0709 	DEBUG 	TextBox2 loaded 1 chars with 0 blanks and 1 valid
6.0712 	DEBUG 	Uploading Texture Font fontname to graphics card
6.0806 	DEBUG 	Upload of Texture Font fontname complete
6.0827 	EXP 	window1: Attempting to measure frame rate of screen (0) ...
6.0828 	EXP 	window1: recordFrameIntervals = False
6.1972 	EXP 	window1: recordFrameIntervals = True
6.3106 	EXP 	Screen (0) actual frame rate measured at 104.75Hz
6.3107 	EXP 	window1: recordFrameIntervals = False
6.3162 	DEBUG 	TextBox2 loaded 1 chars with 0 blanks and 1 valid
6.3171 	DEBUG 	TextBox2 loaded 1 chars with 0 blanks and 1 valid
6.3179 	DEBUG 	TextBox2 loaded 1 chars with 0 blanks and 1 valid
6.3196 	DEBUG 	TextBox2 loaded 1 chars with 0 blanks and 1 valid
6.3208 	DEBUG 	TextBox2 loaded 1 chars with 0 blanks and 1 valid
6.3222 	DEBUG 	TextBox2 loaded 1 chars with 0 blanks and 1 valid
6.3228 	DEBUG 	TextBox2 loaded 1 chars with 0 blanks and 1 valid
6.3235 	DEBUG 	TextBox2 loaded 1 chars with 0 blanks and 1 valid
6.3244 	DEBUG 	TextBox2 loaded 1 chars with 0 blanks and 1 valid
6.3252 	DEBUG 	TextBox2 loaded 1 chars with 0 blanks and 1 valid
6.3255 	DEBUG 	Uploading Texture Font fontname to graphics card
6.3262 	DEBUG 	Upload of Texture Font fontname complete
6.3422 	WARNING 	launchHubServer: If using the iohub mouse or eyetracker devices, fullScr should be True.
8.4556 	INFO 	keyboard.Keyboard is using iohub backend.
8.4556 	EXP 	ContPsyTracking: status = STARTED
8.4615 	EXP 	Created polygon_2 = ShapeStim(__class__=<class 'psychopy.visual.shape.ShapeStim'>, anchor=('center', 'center'), autoDraw=False, autoLog=True, closeShape=True, color=method-wrapper(...), colorSpace='rgb', contrast=None, depth=-1.0, draggable=False, fillColor=array([1, 1, 1]), fillColorSpace='rgb', fillRGB=array([1, 1, 1]), interpolate=True, lineColor=array([1., 1., 1.]), lineColorSpace='rgb', lineRGB=array([1, 1, 1]), lineWidth=1.0, name='polygon_2', opacity=1, ori=0.0, pos=array([1., 1.]), size=array([0.05, 0.05]), units='cm', vertices=ndarray(...), win=Window(...), windingRule=None)
8.4642 	EXP 	Created polygon = ShapeStim(__class__=<class 'psychopy.visual.shape.ShapeStim'>, anchor=('center', 'center'), autoDraw=False, autoLog=True, closeShape=True, color=method-wrapper(...), colorSpace='rgb', contrast=None, depth=-1.0, draggable=False, fillColor=array([1, 1, 1]), fillColorSpace='rgb', fillRGB=array([1, 1, 1]), interpolate=True, lineColor=array([1., 1., 1.]), lineColorSpace='rgb', lineRGB=array([1, 1, 1]), lineWidth=1.0, name='polygon', opacity=1.0, ori=0.0, pos=array([0., 0.]), size=array([1., 1.]), units='cm', vertices=ndarray(...), win=Window(...), windingRule=None)
0.0225 	EXP 	polygon_2: autoDraw = True
1.7146 	DATA 	Mouse: Left button down, pos=(434,335)
1.7167 	EXP 	New trial (rep=0, index=0): <Trial 0 (0 in rep 0) data={'thisN': 0, 'thisTrialN': 0, 'thisRepN': 0}>
1.7259 	EXP 	polygon_2: autoDraw = False
1.7259 	EXP 	polygon: autoDraw = True
1.8192 	DATA 	Mouse:  Left button up, pos=(434,335)
121.7082 	EXP 	New trial (rep=1, index=0): <Trial 1 (0 in rep 1) data={'thisN': 1, 'thisTrialN': 0, 'thisRepN': 1}>
121.7194 	EXP 	polygon: autoDraw = False
121.7194 	EXP 	polygon: autoDraw = True
162.4437 	DATA 	Keypress: escape
162.4514 	EXP 	ContPsyTracking: status = STOPPED
162.4609 	EXP 	polygon: autoDraw = False
162.4630 	EXP 	ContPsyTracking: status = STOPPED
163.0121 	INFO 	saved data to 'C:\\Users\\lab\\Desktop\\Workshop Continous Psychophysics\\Experiment\\ContPsyTracking\\data/782340_ContPsyTracking_2025-06-22_16h54.39.070.csv'
163.1025 	INFO 	saved data to C:\Users\lab\Desktop\Workshop Continous Psychophysics\Experiment\ContPsyTracking\data/782340_ContPsyTracking_2025-06-22_16h54.39.070.psydat
163.7289 	DEBUG 	Saving data for ContPsyTracking ExperimentHandler
